IPL gd156225
D-01.
HW Reset
64MB
BIST0_0001-OK
[SDMMC] NO SD!
[NOR]
offset:00010000
size:7fc8 chks:5551a134 ok

IPL_CUST gbf16da4
MXP found at 0x00020000
[SDMMC] NO SD!
  decomp_size=0x00041314


-----------------------U-Boot 2015.01 (Feb 01 2018 - 10:42:26)-----------------------

Version: I3g901be38
DEVINFO: 313E
[WDT] Enalbe WATCHDOG 60s
       Watchdog enabled
I2C:   ready
DRAM:  64 MiB
WARNING: Caches not enabled
MMC:   MStar SD/MMC: 0
nor_flash_mxp allocated success!!
Flash is detected (0x0B05, 0xC8, 0x40, 0x18)
SF: Detected nor0 with total size 16 MiB
MXP found at mxp_offset[1]=0x00020000, size=0x1000
env_offset=0x4F000 env_size=0x1000
Flash is detected (0x0B05, 0xC8, 0x40, 0x18)
SF: Detected nor0 with total size 16 MiB
In:    serial
Out:   serial
Err:   serial
Net:   No ethernet found.

+++++++++++++++++++   check one.bin    +++++++++++++++++++
------>setenv filesize 0
------>fatsize mmc 0 one.bin
_[sdmmc_0] Card Detect Fail!
** Bad device mmc 0 **
    one.bin Not exist(fatsize err)

+++++++++++++++++++   check one_y23    +++++++++++++++++++
------>setenv filesize 0
------>fatsize mmc 0 one_y23
_[sdmmc_0] Card Detect Fail!
** Bad device mmc 0 **
    one_y23 Not exist(fatsize err)

+++++++++++++++++++   check uboot_y23    +++++++++++++++++++
------>setenv filesize 0
------>fatsize mmc 0 uboot_y23
_[sdmmc_0] Card Detect Fail!
** Bad device mmc 0 **
    uboot_y23 Not exist(fatsize err)

+++++++++++++++++++   check kernel_y23    +++++++++++++++++++
------>setenv filesize 0
------>fatsize mmc 0 kernel_y23
_[sdmmc_0] Card Detect Fail!
** Bad device mmc 0 **
    kernel_y23 Not exist(fatsize err)

+++++++++++++++++++   check sys_y23    +++++++++++++++++++
------>setenv filesize 0
------>fatsize mmc 0 sys_y23
_[sdmmc_0] Card Detect Fail!
** Bad device mmc 0 **
    sys_y23 Not exist(fatsize err)

+++++++++++++++++++   check home_y23    +++++++++++++++++++
------>setenv filesize 0
------>fatsize mmc 0 home_y23
_[sdmmc_0] Card Detect Fail!
** Bad device mmc 0 **
    home_y23 Not exist(fatsize err)
[NetUpgrade] ts_1st=0x15e
No ethernet found.
[NetUpgrade] ==== NetLoop(NETUPGRADE) return fail ====!
net_upgrade - do net update from the specified file that is in tftpserver


Usage:
net_upgrade     -

Flash is detected (0x0B05, 0xC8, 0x40, 0x18)
SF: Detected nor0 with total size 16 MiB
SF: 2162688 bytes @ 0x50000 Read: OK
##  Booting kernel from Legacy Image at 21000000 ...
   Image Name:   MVX2##I3gf75f543KL_LX318####[BR:
   Image Type:   ARM Linux Kernel Image (lzma compressed)
   Data Size:    1456296 Bytes = 1.4 MiB
   Load Address: 20008000
   Entry Point:  20008000
   Verifying Checksum ... OK
   Uncompressing Kernel Image ...
[XZ] !!!reserved 0x21000000 length=0x 1000000 for xz!!
   XZ: uncompressed size=0x3ce1e0, ret=7
OK
ERR: Can't find KIMG header and initrd address, 0x00000000
atags:0x20000000

Starting kernel ...

Booting Linux on physical CPU 0x0
Linux version 3.18.30 (zhengqianbin@ubuntu) (gcc version 4.8.3 20140401 (prerelease) (crosstool-NG linaro-1.13.1-4.8-2014.04 - Linaro GCC 4.8-2014.04) ) #5 PREEMPT Thu Mar 1 19:45:59 HKT 2018
CPU: ARMv7 Processor [410fc075] revision 5 (ARMv7), cr=10c53c7d
CPU: PIPT / VIPT nonaliasing data cache, VIPT aliasing instruction cache
early_atags_to_fdt() success
Machine model: INFINITY3 MSC000A-S03A-64M
Reserved memory: created CMA memory pool at 0x22a00000, size 22 MiB
Reserved memory: initialized node cma0, compatible id shared-dma-pool
Memory policy: Data cache writeback
Built 1 zonelists in Zone order, mobility grouping on.  Total pages: 16256
Kernel command line: console=ttyS0,115200n8r androidboot.console=ttyS0 root=/dev/mtdblock2 rw rootfstype=jffs2 noinitrd init=/init
PID hash table entries: 256 (order: -2, 1024 bytes)
Dentry cache hash table entries: 8192 (order: 3, 32768 bytes)
Inode-cache hash table entries: 4096 (order: 2, 16384 bytes)
Memory: 38176K/65536K available (2646K kernel code, 224K rwdata, 904K rodata, 120K init, 117K bss, 27360K reserved)
Virtual kernel memory layout:
    vector  : 0xffff0000 - 0xffff1000   (   4 kB)
    fixmap  : 0xffc00000 - 0xffe00000   (2048 kB)
    vmalloc : 0xc4800000 - 0xff000000   ( 936 MB)
    lowmem  : 0xc0000000 - 0xc4000000   (  64 MB)
    modules : 0xbf000000 - 0xc0000000   (  16 MB)
      .text : 0xc0008000 - 0xc037fb14   (3551 kB)
      .init : 0xc0380000 - 0xc039e000   ( 120 kB)
      .data : 0xc039e000 - 0xc03d61e0   ( 225 kB)
       .bss : 0xc03d61e0 - 0xc03f36b0   ( 118 kB)
SLUB: HWalign=64, Order=0-3, MinObjects=0, CPUs=1, Nodes=1
Preemptible hierarchical RCU implementation.
        Dump stacks of tasks blocking RCU-preempt GP.
NR_IRQS:16 nr_irqs:16 16
Find CLK_cpupll_clk, hook ms_cpuclk_ops
[ms_cpuclk_init] get dvfs gpio  vid_1
Architected cp15 timer(s) running at 6.00MHz (virt).
sched_clock: 56 bits at 6MHz, resolution 166ns, wraps every 2863311527936ns
Switching to timer-based delay loop, resolution 166ns
console [ttyS0] enabled
Calibrating delay loop (skipped), value calculated using timer frequency.. 12.00 BogoMIPS (lpj=60000)
pid_max: default: 4096 minimum: 301
Mount-cache hash table entries: 1024 (order: 0, 4096 bytes)
Mountpoint-cache hash table entries: 1024 (order: 0, 4096 bytes)
CPU: Testing write buffer coherency: ok
Setting up static identity map for 0x202819a0 - 0x202819d4
VFP support v0.3: implementor 41 architecture 2 part 30 variant 7 rev 5
NET: Registered protocol family 16
DMA: preallocated 256 KiB pool for atomic coherent allocations


Version : MVX2##I3gf75f543KL_LX318####[BR:y23_prj]#XVM

GPIO: probe end
MSYS:  INIT DONE. TICK=0x01647265
Advanced Linux Sound Architecture Driver Initialized.
Switched to clocksource arch_sys_counter
NET: Registered protocol family 2
TCP established hash table entries: 1024 (order: 0, 4096 bytes)
TCP bind hash table entries: 1024 (order: 2, 20480 bytes)
TCP: Hash tables configured (established 1024 bind 1024)
TCP: reno registered
UDP hash table entries: 128 (order: 0, 6144 bytes)
UDP-Lite hash table entries: 128 (order: 0, 6144 bytes)
NET: Registered protocol family 1
futex hash table entries: 16 (order: -4, 448 bytes)
jffs2: version 2.2. ? 2001-2006 Red Hat, Inc.
msgmni has been set to 118
io scheduler noop registered
io scheduler deadline registered (default)
i2c /dev entries driver
[ms_uart_probe] uart port 0 use MUX_PM_UART
1f221000.uart0: ttyS0 at MMIO 0x0 (irq = 98, base_baud = 10750000) is a unknown
[ms_uart_probe] uart port 1 use MUX_UART1
1f221200.uart1: ttyS1 at MMIO 0x0 (irq = 99, base_baud = 10750000) is a unknown
URDMA rx_buf=0xC2A42000(phy:0x22A42000) tx_buf=0xC2A43000(phy:0x22A43000) size=0x1000
[ms_uart_probe] uart port 2 use MUX_UART0
1f220400.uart2: ttyS2 at MMIO 0x0 (irq = 112, base_baud = 10750000) is a unknown
infinity-audio soc:sound: ASoC: CODEC DAI infinity-codec-dai-main not registered
platform soc:sound: Driver infinity-audio requests probe deferral
infinity-audio infinity-codec: ASoC: CODEC DAI infinity-codec-dai-main not registered
platform infinity-codec: Driver infinity-audio requests probe deferral
netif_napi_add() called with weight 128 on device eth%d
MSYS: DMEM request: [EMAC_BUFF]:0x00002000
[EMAC]Init EMAC success! (add delay in reset)
[HVSP]u32Dropmode on/n
[VIP]gu32CMDQmode off/nMSYS: DMEM request: [VIP_CMDQ]:0x00004000
[SCL] SCL init success
mload_size = 35040
mload_virt_addr = c2a50000
mload_dma_addr = 0x22a50000
MSYS: DMEM request: [ISP_base]:0x0001B120
ShareData_Meminfo phyaddr:0x2224da00, viraddr:0xc224da00, len:0x38
AE Base: virt=0xC2A60000 size=0xB400
AWB Base: virt=0xC2A6B400 size=0x8700
AF Base: virt=0xC2A73B00 size=0xF0
HISTO Base: virt=0xC2A73BF0 size=0x2F0
MOT Base: virt=0xC2A73EE0 size=0x6E40
RGBIR Base: virt=0xC2A7AD20 size=0x400
[ISP] register driver success
[CSI] register driver successms_rtc 1f002400.rtc: rtc core: registered 1f002400.rtc as rtc0
[ms_rtc_probe]: rtc setup, frequency=12000000
[SAR] infinity_sar_probe
MSYS: DMEM request: [BDMA_FSP_WBUFF]:0x00000100
[Ser flash] phys=0x22a46000, virt=0xc2a46000, bus=0x02a46000
[FSP] Flash is detected (0x0B05, 0xC8, 0x40, 0x18) ver1.1
[FSP] 1-2-2 2xIO_READ MODE
mtd .name = NOR_FLASH, .size = 0x01000000 (16MiB)
 .erasesize = 0x00010000 .numeraseregions = 0
MXP_PARTS!!
MXP found at mxp_offset[1]=0x00020000, size=0x1000
Creating 6 MTD partitions on "NOR_FLASH":
0x000000000000-0x000000050000 : "BOOT"
0x000000050000-0x0000001d0000 : "KERNEL"
0x0000001d0000-0x0000003b0000 : "ROOTFS"
0x0000003b0000-0x000000fe0000 : "HOME"
0x000000fe0000-0x000000ff0000 : "vd1"
0x000000ff0000-0x000001000000 : "conf"
[ms_cpufreq_init] cpu current clk=796917760
ms_pwm->pad_ctrl[0]=69
ms_pwm->pad_ctrl[1]=17
ms_pwm->pad_ctrl[2]=255
ms_pwm->pad_ctrl[3]=255
ms_pwm->pad_ctrl[4]=53
ms_pwm->pad_ctrl[5]=255
ms_pwm->pad_ctrl[6]=255
ms_pwm->pad_ctrl[7]=56
mstar-i3pwm 1f003400.pwm: probe successful
TCP: cubic registered
NET: Registered protocol family 17
MSYS: DMEM request: [pcmC0D0p]:0x00018000
MSYS: DMEM request: [pcmC0D0c]:0x00014000
infinity-audio soc:sound: infinity-codec-dai-main <-> infinity-cpu-dai mapping ok
ms_rtc 1f002400.rtc: setting system clock to 1970-01-01 00:00:00 UTC (0)
ALSA device list:
  #0: infinity_snd_machine
VFS: Mounted root (jffs2 filesystem) on device 31:2.
Freeing unused kernel memory: 120K (c0380000 - c039e000)
init: SERVICE: ueventd
init: SERVICE: rcs
[FB]Set 68
[DRVHVSP]Drv_HVSP_SetFbManageConfig(645):8000
DNRR OFF
[FB]Set 57
[DRVHVSP]Drv_HVSP_SetFbManageConfig(645):100
UNLOCK
[JPE, JpeProbe] set base=0xfd264000 irq=93, nClockRate=288000000
>> [sdmmc] ms_sdmmc Driver Initializing...
>> [sdmmc] ms_sdmmc_probe
>> [sdmmc_0] Int CDZ use Ext GPIO IRQ: (151)
>> [sdmmc_0] Probe Platform Devices...(Ret:0)
>> [sdmmc_0] Get CD => (0)
cryptodev: driver aesdmadev loaded.
MSYS: DMEM request: [AESDMA_ENG]:0x00001000
MSYS: DMEM request: [AESDMA_ENG1]:0x00001000
infinity_aes soc:aesdma: MSTAR AES engine enabled.
usbcore: registered new interface driver usbfs
usbcore: registered new interface driver hub
usbcore: registered new device driver usb
ehci_hcd: unknown parameter 'force_host' ignored
ehci_hcd: USB 2.0 'Enhanced' Host Controller (EHCI) Driver
Mstar_ehc_init version:20150512
Mstar-ehci-2 H.W init
Titania3_series_start_ehc start
enable USB function
[USB] config miu select [1] [ef] [ef] ][ef]
[USB] enable miu lower bound address subtraction
[USB] worring.... no platform_data
hcd->rsrc_start:0xfd286400
BC disable
[USB] soc:Mstar-ehci-2 irq --> 119
soc:Mstar-ehci-2 soc:Mstar-ehci-2: EHCI Host Controller
soc:Mstar-ehci-2 soc:Mstar-ehci-2: new USB bus registered, assigned bus number 1
soc:Mstar-ehci-2 soc:Mstar-ehci-2: irq 119, io mem 0xfd286400
hub 1-0:1.0: USB hub found
hub 1-0:1.0: 1 port detected
Mstar-ehci-1 H.W init
CHIP_FUNCTION SET. ID=4, param=1
Can't get power-enable-pad from DTS, set default GPIO(1)
[mstar_usb_vbus_control] Enable USB VBUS GPIO(81)
Titania3_series_start_ehc start
enable USB function
[USB] config miu select [1] [ef] [ef] ][ef]
[USB] enable miu lower bound address subtraction
[USB] worring.... no platform_data
hcd->rsrc_start:0xfd284800
BC disable
[USB] soc:Mstar-ehci-1 irq --> 95
soc:Mstar-ehci-1 soc:Mstar-ehci-1: EHCI Host Controller
soc:Mstar-ehci-1 soc:Mstar-ehci-1: new USB bus registered, assigned bus number 2
soc:Mstar-ehci-1 soc:Mstar-ehci-1: irq 95, io mem 0xfd284800
hub 2-0:1.0: USB hub found
hub 2-0:1.0: 1 port detected
hue, spi0_dev = 0xc2313800
init.sh (46): drop_caches: 3
==20150512==> hub_port_init 1 #0
Plug in USB Port1
usb 2-1: new high-speed USB device number 2 using soc:Mstar-ehci-1
cfg80211: Calling CRDA to update world regulatory domain
mtprealloc: module license 'unspecified' taints kernel.
Disabling lock debugging due to kernel taint
==>[0]:PreBuff:0xc23a8000, DmaAddr:0x223a8000
==>[1]:PreBuff:0xc23f0000, DmaAddr:0x223f0000
==>[2]:PreBuff:0xc23f4000, DmaAddr:0x223f4000
==>[3]:PreBuff:0xc23d8000, DmaAddr:0x223d8000
==>[4]:PreBuff:0xc23dc000, DmaAddr:0x223dc000
==>[5]:PreBuff:0xc23e8000, DmaAddr:0x223e8000
==>[6]:PreBuff:0xc23ec000, DmaAddr:0x223ec000
==>[7]:PreBuff:0xc1e30000, DmaAddr:0x21e30000
==>[8]:PreBuff:0xc1e34000, DmaAddr:0x21e34000
==>[9]:PreBuff:0xc1e38000, DmaAddr:0x21e38000
==>[10]:PreBuff:0xc1e3c000, DmaAddr:0x21e3c000
==>[11]:PreBuff:0xc1e40000, DmaAddr:0x21e40000
==>[12]:PreBuff:0xc1e44000, DmaAddr:0x21e44000
==>[13]:PreBuff:0xc1e48000, DmaAddr:0x21e48000
==>[14]:PreBuff:0xc1e4c000, DmaAddr:0x21e4c000
==>[15]:PreBuff:0xc1e50000, DmaAddr:0x21e50000
==>[16]:PreBuff:0xc1e54000, DmaAddr:0x21e54000
==>[17]:PreBuff:0xc1e58000, DmaAddr:0x21e58000
==>[18]:PreBuff:0xc1e5c000, DmaAddr:0x21e5c000
==>[19]:PreBuff:0xc1e60000, DmaAddr:0x21e60000
==>[20]:PreBuff:0xc1e64000, DmaAddr:0x21e64000
==>[21]:PreBuff:0xc1e68000, DmaAddr:0x21e68000
==>[22]:PreBuff:0xc1e6c000, DmaAddr:0x21e6c000
==>[23]:PreBuff:0xc1e70000, DmaAddr:0x21e70000
==>[24]:PreBuff:0xc1e74000, DmaAddr:0x21e74000
==>[25]:PreBuff:0xc1e78000, DmaAddr:0x21e78000
==>[26]:PreBuff:0xc1e7c000, DmaAddr:0x21e7c000
==>[27]:PreBuff:0xc1e80000, DmaAddr:0x21e80000
==>[28]:PreBuff:0xc1e84000, DmaAddr:0x21e84000
==>[29]:PreBuff:0xc1e88000, DmaAddr:0x21e88000
==>[30]:PreBuff:0xc1e8c000, DmaAddr:0x21e8c000
==>[31]:PreBuff:0xc1e90000, DmaAddr:0x21e90000
==>[32]:PreBuff:0xc1e94000, DmaAddr:0x21e94000
==>[33]:PreBuff:0xc1e98000, DmaAddr:0x21e98000
==>[34]:PreBuff:0xc1e9c000, DmaAddr:0x21e9c000
==>[35]:PreBuff:0xc1ea0000, DmaAddr:0x21ea0000
==>[36]:PreBuff:0xc1ea4000, DmaAddr:0x21ea4000
==>[37]:PreBuff:0xc1ea8000, DmaAddr:0x21ea8000
==>[38]:PreBuff:0xc1eac000, DmaAddr:0x21eac000
==>[39]:PreBuff:0xc1eb0000, DmaAddr:0x21eb0000
==>[40]:PreBuff:0xc1eb4000, DmaAddr:0x21eb4000
==>[41]:PreBuff:0xc1eb8000, DmaAddr:0x21eb8000
==>[42]:PreBuff:0xc1ebc000, DmaAddr:0x21ebc000
==>[43]:PreBuff:0xc1ec0000, DmaAddr:0x21ec0000
==>[44]:PreBuff:0xc1ec4000, DmaAddr:0x21ec4000
==>[45]:PreBuff:0xc1ec8000, DmaAddr:0x21ec8000
==>[46]:PreBuff:0xc1ecc000, DmaAddr:0x21ecc000
==>[47]:PreBuff:0xc1ed0000, DmaAddr:0x21ed0000
==>[48]:PreBuff:0xc1ed4000, DmaAddr:0x21ed4000
==>[49]:PreBuff:0xc1ed8000, DmaAddr:0x21ed8000
==>[50]:PreBuff:0xc1edc000, DmaAddr:0x21edc000
==>[51]:PreBuff:0xc1ee0000, DmaAddr:0x21ee0000
==>[52]:PreBuff:0xc1ee4000, DmaAddr:0x21ee4000
==>[53]:PreBuff:0xc1ee8000, DmaAddr:0x21ee8000
==>[54]:PreBuff:0xc1eec000, DmaAddr:0x21eec000
==>[55]:PreBuff:0xc1ef0000, DmaAddr:0x21ef0000
==>[56]:PreBuff:0xc1ef4000, DmaAddr:0x21ef4000
==>[57]:PreBuff:0xc1ef8000, DmaAddr:0x21ef8000
==>[58]:PreBuff:0xc1efc000, DmaAddr:0x21efc000
==>[59]:PreBuff:0xc1f00000, DmaAddr:0x21f00000
==>[60]:PreBuff:0xc1f04000, DmaAddr:0x21f04000
==>[61]:PreBuff:0xc1f08000, DmaAddr:0x21f08000
==>[62]:PreBuff:0xc1f0c000, DmaAddr:0x21f0c000
==>[63]:PreBuff:0xc1f10000, DmaAddr:0x21f10000
==>[64]:PreBuff:0xc1f14000, DmaAddr:0x21f14000
==>[65]:PreBuff:0xc1f18000, DmaAddr:0x21f18000
==>[66]:PreBuff:0xc1f1c000, DmaAddr:0x21f1c000
==>[67]:PreBuff:0xc1f20000, DmaAddr:0x21f20000
==>[68]:PreBuff:0xc1f24000, DmaAddr:0x21f24000
==>[69]:PreBuff:0xc1f28000, DmaAddr:0x21f28000
==>[70]:PreBuff:0xc2342000, DmaAddr:0x22342000
==>[71]:PreBuff:0xc2343000, DmaAddr:0x22343000
==>[72]:PreBuff:0xc1f30000, DmaAddr:0x21f30000
==>[73]:PreBuff:0xc1f38000, DmaAddr:0x21f38000
==>[74]:PreBuff:0xc1f40000, DmaAddr:0x21f40000
==>[75]:PreBuff:0xc1f48000, DmaAddr:0x21f48000
==>[76]:PreBuff:0xc1f50000, DmaAddr:0x21f50000
==>[77]:PreBuff:0xc1f58000, DmaAddr:0x21f58000
==>[78]:PreBuff:0xc1f60000, DmaAddr:0x21f60000
==>[79]:PreBuff:0xc1f68000, DmaAddr:0x21f68000
==>[80]:PreBuff:0xc234bc00, DmaAddr:0x2234bc00
install prealloc ok
rtusb init rt2870 --->


=== pAd = c4a50000, size = 863344 ===

allocate tx ringidx 0
RTMPQMemAddr[0]
allocate tx ringidx 1
RTMPQMemAddr[1]
allocate tx ringidx 2
RTMPQMemAddr[2]
allocate tx ringidx 3
RTMPQMemAddr[3]
allocate tx ringidx 4
RTMPQMemAddr[4]
allocate tx ringidx 5
RTMPQMemAddr[5]
allocate tx ringidx 6
RTMPQMemAddr[6]
allocate tx ringidx 7
RTMPQMemAddr[7]
allocate tx ringidx 8
RTMPQMemAddr[8]
allocate tx ringidx 9
RTMPQMemAddr[9]
allocate tx ringidx 10
RTMPQMemAddr[10]
allocate tx ringidx 11
RTMPQMemAddr[11]
allocate tx ringidx 12
RTMPQMemAddr[12]
allocate tx ringidx 13
RTMPQMemAddr[13]
allocate tx ringidx 0
RTMPQMemAddr[14]
allocate tx ringidx 1
RTMPQMemAddr[15]
allocate tx ringidx 2
RTMPQMemAddr[16]
allocate tx ringidx 3
RTMPQMemAddr[17]
allocate tx ringidx 4
RTMPQMemAddr[18]
allocate tx ringidx 5
RTMPQMemAddr[19]
allocate tx ringidx 6
RTMPQMemAddr[20]
allocate tx ringidx 7
RTMPQMemAddr[21]
allocate tx ringidx 8
RTMPQMemAddr[22]
allocate tx ringidx 9
RTMPQMemAddr[23]
allocate tx ringidx 10
RTMPQMemAddr[24]
allocate tx ringidx 11
RTMPQMemAddr[25]
allocate tx ringidx 12
RTMPQMemAddr[26]
allocate tx ringidx 13
RTMPQMemAddr[27]
allocate tx ringidx 0
RTMPQMemAddr[28]
allocate tx ringidx 1
RTMPQMemAddr[29]
allocate tx ringidx 2
RTMPQMemAddr[30]
allocate tx ringidx 3
RTMPQMemAddr[31]
allocate tx ringidx 4
RTMPQMemAddr[32]
allocate tx ringidx 5
RTMPQMemAddr[33]
allocate tx ringidx 6
RTMPQMemAddr[34]
allocate tx ringidx 7
RTMPQMemAddr[35]
allocate tx ringidx 8
RTMPQMemAddr[36]
allocate tx ringidx 9
RTMPQMemAddr[37]
allocate tx ringidx 10
RTMPQMemAddr[38]
allocate tx ringidx 11
RTMPQMemAddr[39]
allocate tx ringidx 12
RTMPQMemAddr[40]
allocate tx ringidx 13
RTMPQMemAddr[41]
allocate tx ringidx 0
RTMPQMemAddr[42]
allocate tx ringidx 1
RTMPQMemAddr[43]
allocate tx ringidx 2
RTMPQMemAddr[44]
allocate tx ringidx 3
RTMPQMemAddr[45]
allocate tx ringidx 4
RTMPQMemAddr[46]
allocate tx ringidx 5
RTMPQMemAddr[47]
allocate tx ringidx 6
RTMPQMemAddr[48]
allocate tx ringidx 7
RTMPQMemAddr[49]
allocate tx ringidx 8
RTMPQMemAddr[50]
allocate tx ringidx 9
RTMPQMemAddr[51]
allocate tx ringidx 10
RTMPQMemAddr[52]
allocate tx ringidx 11
RTMPQMemAddr[53]
allocate tx ringidx 12
RTMPQMemAddr[54]
allocate tx ringidx 13
RTMPQMemAddr[55]
RTMPQMemAddr[70]
RTMPQMemAddr[71]
RTMPQMemAddr[72]
RTMPQMemAddr[73]
RTMPQMemAddr[74]
RTMPQMemAddr[75]
RTMPQMemAddr[76]
RTMPQMemAddr[77]
RTMPQMemAddr[78]
RTMPQMemAddr[79]
RTMPQMemAddr[80]
<-- RTMPAllocTxRxRingMemory, Status=0
<-- RTMPAllocAdapterBlock, Status=0
RTMP_COM_IoctlHandle():pAd->BulkOutEpAddr=0x8
RTMP_COM_IoctlHandle():pAd->BulkOutEpAddr=0x4
RTMP_COM_IoctlHandle():pAd->BulkOutEpAddr=0x5
RTMP_COM_IoctlHandle():pAd->BulkOutEpAddr=0x6
RTMP_COM_IoctlHandle():pAd->BulkOutEpAddr=0x7
RTMP_COM_IoctlHandle():pAd->BulkOutEpAddr=0x9
STA Driver version-JEDI.MP1.mt7601u.v1.5.1_20171130_STAONLY
==>WaitForAsicReady MAC_CSR0=0x76010500
==>WaitForAsicReady MAC_CSR0=0x76010500
NVM is EFUSE
Endpoint(8) is for In-band Command
Endpoint(4) is for WMM0 AC0
Endpoint(5) is for WMM0 AC1
Endpoint(6) is for WMM0 AC2
Endpoint(7) is for WMM0 AC3
Endpoint(9) is for WMM1 AC0
Endpoint(84) is for Data-In
Endpoint(85) is for Command Rsp
80211> RFICType = 3
NumOfChan ===> 58
80211> Number of channel = 0x44
80211> Number of rate = 12
80211> CurTxPower = 0 dBm
80211> TxStream = 0
crda> requlation requestion by core: 00
80211> CFG80211_Register
usbcore: registered new interface driver rt2870
================> UP : RTMP_SEM_EVENT_WAIT(STA)
1. LDO_CTR0(6c) = a64799, PMU_OCLEVEL c
2. LDO_CTR0(6c) = a6478d, PMU_OCLEVEL 6
==>WaitForAsicReady MAC_CSR0=0x76010500
FW Version:0.1.00 Build:7640
Build Time:201301040941____
ILM Length = 44276(bytes)
DLM Length = 0(bytes)
Loading FW....
########DBG(Change PMU LEVEL)
RTMP_TimerListAdd: add timer obj c4ace63c!
RTMP_TimerListAdd: add timer obj c4ace66c!
RTMP_TimerListAdd: add timer obj c4ace69c!
RTMP_TimerListAdd: add timer obj c4ace60c!
RTMP_TimerListAdd: add timer obj c4ace57c!
RTMP_TimerListAdd: add timer obj c4ace5ac!
RTMP_TimerListAdd: add timer obj c4a62fb4!
RTMP_TimerListAdd: add timer obj c4a52700!
RTMP_TimerListAdd: add timer obj c4a52734!
RTMP_TimerListAdd: add timer obj c4a63054!
RTMP_TimerListAdd: add timer obj c4a62f54!
RTMP_TimerListAdd: add timer obj c4a63024!
==>WaitForAsicReady MAC_CSR0=0x76010500
cfg_mode=9
wmode_band_equal(): Band Equal!
Key1Str is Invalid key length(0) or Type(0)
Key2Str is Invalid key length(0) or Type(0)
Key3Str is Invalid key length(0) or Type(0)
Key4Str is Invalid key length(0) or Type(0)
###### Force at HT20 (BW_20) mode !!! ########
1. Phy Mode = 14
2. Phy Mode = 14
NVM is Efuse and its size =1d[1e0-1fc]
ERROR!!! MT7601 E2PROM: WRONG VERSION 0xd, should be 9
3. Phy Mode = 14
AntCfgInit: primary/secondary ant 0/1
---> InitFrequencyCalibration
InitFrequencyCalibrationMode:Unknow mode = 3
InitFrequencyCalibration: frequency offset in the EEPROM = 110(0x6e)
<--- InitFrequencyCalibration
RTMPSetPhyMode: channel is out of range, use first channel=1
MCS Set = ff 00 00 00 01
<==== STA : rt28xx_init, Status=0
80211> re-init bands...
80211> RFICType = 1
NumOfChan ===> 14
80211> Number of channel = 0x44
80211> Number of rate = 12
80211> CurTxPower = 0 dBm
80211> TxStream = 1
0x1300 = 00064300
RTMPDrvOpen(1):Check if PDMA is idle!
RTMPDrvOpen(2):Check if PDMA is idle!
<================ UP : RTMP_SEM_EVENT_UP(STA)
[gpio] Set PAD_SR_IO12 as GPIO(controlled by ISP bank)
usb 2-1: USB disconnect, device number 2
RTUSB_VendorRequest failed(-19),TxFlags=0x0, ReqType=IN, Req=0x7, Idx=0x1718,pAd->Flags=0x31000102
STA : rtusb_disconnect: unregister usbnet usb-mstar-1
================> DOWN : RTMP_SEM_EVENT_WAIT(STA)
hue, get pwm(1)
[PWN] mstar_pwm_config duty_ns=0, period_ns=100000
reg=0x1F003490 clk=12000000, period=0x78
reg=0x1F003488 clk=12000000, u32Duty=0x0
[PWM] mstar_pwm_enable
<=============== DOWN : RTMP_SEM_EVENT_UP(STA)
RtmpOSNetDevDetach(): RtmpOSNetDeviceDetach(), dev->name=wlan0!
================> DOWN : RTMP_SEM_EVENT_WAIT(STA)
<=============== DOWN : RTMP_SEM_EVENT_UP(STA)
80211> unregister/free wireless device
[PWM] mstar_pwm_disable
[Mstar GPIO] gpio(83) to irq(166)
hue, gpio_isr
[CPLD_PERIPH] timer init ok.
timer resolution:10 MHZ
[CPLD_PERIPH] CPLD_PERIPH module inited
 STA : RTUSB disconnect successfully
root hub reinitial [usbdis]
==20150512==> hub_port_init 1 #0
Plug in USB Port1
usb 2-1: new high-speed USB device number 3 using soc:Mstar-ehci-1


=== pAd = c4b2a000, size = 863344 ===

allocate tx ringidx 0
RTMPQMemAddr[0]
allocate tx ringidx 1
RTMPQMemAddr[1]
allocate tx ringidx 2
RTMPQMemAddr[2]
allocate tx ringidx 3
RTMPQMemAddr[3]
allocate tx ringidx 4
RTMPQMemAddr[4]
allocate tx ringidx 5
RTMPQMemAddr[5]
allocate tx ringidx 6
RTMPQMemAddr[6]
allocate tx ringidx 7
RTMPQMemAddr[7]
allocate tx ringidx 8
RTMPQMemAddr[8]
allocate tx ringidx 9
RTMPQMemAddr[9]
allocate tx ringidx 10
RTMPQMemAddr[10]
allocate tx ringidx 11
RTMPQMemAddr[11]
allocate tx ringidx 12
RTMPQMemAddr[12]
allocate tx ringidx 13
RTMPQMemAddr[13]
allocate tx ringidx 0
RTMPQMemAddr[14]
allocate tx ringidx 1
RTMPQMemAddr[15]
allocate tx ringidx 2
RTMPQMemAddr[16]
allocate tx ringidx 3
RTMPQMemAddr[17]
allocate tx ringidx 4
RTMPQMemAddr[18]
allocate tx ringidx 5
RTMPQMemAddr[19]
allocate tx ringidx 6
RTMPQMemAddr[20]
allocate tx ringidx 7
RTMPQMemAddr[21]
allocate tx ringidx 8
RTMPQMemAddr[22]
allocate tx ringidx 9
RTMPQMemAddr[23]
allocate tx ringidx 10
RTMPQMemAddr[24]
allocate tx ringidx 11
RTMPQMemAddr[25]
allocate tx ringidx 12
RTMPQMemAddr[26]
allocate tx ringidx 13
RTMPQMemAddr[27]
allocate tx ringidx 0
RTMPQMemAddr[28]
allocate tx ringidx 1
RTMPQMemAddr[29]
allocate tx ringidx 2
RTMPQMemAddr[30]
allocate tx ringidx 3
RTMPQMemAddr[31]
allocate tx ringidx 4
RTMPQMemAddr[32]
allocate tx ringidx 5
RTMPQMemAddr[33]
allocate tx ringidx 6
RTMPQMemAddr[34]
allocate tx ringidx 7
RTMPQMemAddr[35]
allocate tx ringidx 8
RTMPQMemAddr[36]
allocate tx ringidx 9
RTMPQMemAddr[37]
allocate tx ringidx 10
RTMPQMemAddr[38]
allocate tx ringidx 11
RTMPQMemAddr[39]
allocate tx ringidx 12
RTMPQMemAddr[40]
allocate tx ringidx 13
RTMPQMemAddr[41]
allocate tx ringidx 0
RTMPQMemAddr[42]
allocate tx ringidx 1
RTMPQMemAddr[43]
allocate tx ringidx 2
RTMPQMemAddr[44]
allocate tx ringidx 3
RTMPQMemAddr[45]
allocate tx ringidx 4
RTMPQMemAddr[46]
allocate tx ringidx 5
RTMPQMemAddr[47]
allocate tx ringidx 6
RTMPQMemAddr[48]
allocate tx ringidx 7
RTMPQMemAddr[49]
allocate tx ringidx 8
RTMPQMemAddr[50]
allocate tx ringidx 9
RTMPQMemAddr[51]
allocate tx ringidx 10
RTMPQMemAddr[52]
allocate tx ringidx 11
RTMPQMemAddr[53]
allocate tx ringidx 12
RTMPQMemAddr[54]
allocate tx ringidx 13
RTMPQMemAddr[55]
RTMPQMemAddr[70]
RTMPQMemAddr[71]
RTMPQMemAddr[72]
RTMPQMemAddr[73]
RTMPQMemAddr[74]
RTMPQMemAddr[75]
RTMPQMemAddr[76]
RTMPQMemAddr[77]
RTMPQMemAddr[78]
RTMPQMemAddr[79]
RTMPQMemAddr[80]
<-- RTMPAllocTxRxRingMemory, Status=0
<-- RTMPAllocAdapterBlock, Status=0
RTMP_COM_IoctlHandle():pAd->BulkOutEpAddr=0x8
RTMP_COM_IoctlHandle():pAd->BulkOutEpAddr=0x4
RTMP_COM_IoctlHandle():pAd->BulkOutEpAddr=0x5
RTMP_COM_IoctlHandle():pAd->BulkOutEpAddr=0x6
RTMP_COM_IoctlHandle():pAd->BulkOutEpAddr=0x7
RTMP_COM_IoctlHandle():pAd->BulkOutEpAddr=0x9
STA Driver version-JEDI.MP1.mt7601u.v1.5.1_20171130_STAONLY
==>WaitForAsicReady MAC_CSR0=0x76010500
==>WaitForAsicReady MAC_CSR0=0x76010500
NVM is EFUSE
Endpoint(8) is for In-band Command
Endpoint(4) is for WMM0 AC0
Endpoint(5) is for WMM0 AC1
Endpoint(6) is for WMM0 AC2
Endpoint(7) is for WMM0 AC3
Endpoint(9) is for WMM1 AC0
Endpoint(84) is for Data-In
Endpoint(85) is for Command Rsp
80211> RFICType = 3
NumOfChan ===> 58
80211> Number of channel = 0x44
80211> Number of rate = 12
80211> CurTxPower = 0 dBm
80211> TxStream = 0
crda> requlation requestion by core: 00
80211> CFG80211_Register
[PWN] mstar_pwm_config duty_ns=0, period_ns=100000
reg=0x1F003490 clk=12000000, period=0x78
reg=0x1F003488 clk=12000000, u32Duty=0x0
MSYS: DMEM request: [ISP_MLOAD]:0x000088E0
[HVSP1] Size must be align 16, Vsize=1080, Pitch=1920
[HVSP1] Buffer is single, Vsize=1080, Pitch=1920
MSYS: DMEM request: [SCL_MCNR_YC]:0x003FC000
MSYS: DMEM request: [SCL_MCNR_M]:0x000FF000
[HVSP1]: MCNR YC: Phy:22ad0000  Vir:c2ad0000
[HVSP1]: MCNR CIIR: Phy:0  Vir:0
[HVSP1]: MCNR M: Phy:22ed0000  Vir:c2ed0000
MSYS: DMEM [FGPALDCDMAP]@0x00000000 not found, skipping release...
MSYS: DMEM request: [FGPALDCDMAP]:0x00020000
MSYS: DMEM request: [DLC_MEM]:0x00000400
[DRVSCLDMA] Double Buffer Status :0
[HVSP1] Size must be align 16, Vsize=1080, Pitch=1920
[HVSP1] Buffer is single, Vsize=1080, Pitch=1920
MSYS: DMEM request: [VSPL-I0P0B0]:0x0005A000
MSYS: DMEM request: [VSPL-I0P0B1]:0x0005A000
MSYS: DMEM request: [VSPL-I0P0B2]:0x0005A000
MSYS: DMEM request: [VSPL-I0P2B0]:0x00016800
MSYS: DMEM request: [VSPL-I0P2B1]:0x00016800
MSYS: DMEM request: [VSPL-I0P2B2]:0x00016800
MSB2@v1.1-01:r&d analysis.
MSYS: DMEM request: [MS-00]:0x00357000
MSYS: DMEM request: [MS-01]:0x00357000
MSYS: DMEM request: [MS-02]:0x00357000

[PID_LIST] pid_list_init ok, [ ver=Jan  9 2018, 18:51:03 ]
MSYS: DMEM request: [VENC-32]:0x000FF000
mrqc_set_rqcf - skip set RQCT_CFG_SEQ
mrqc_set_rqcf - skip set RQCT_CFG_SEQ
MSYS: DMEM request: [S0:VENCDMOUT]:0x00006400
MSB2@v1.1-01:r&d analysis.
MSYS: DMEM request: [VSPL-I0P1B0]:0x0005A000
MSYS: DMEM request: [VSPL-I0P1B1]:0x0005A000
MSYS: DMEM request: [VSPL-I0P1B2]:0x0005A000
MSYS: DMEM request: [VENC-48]:0x00025800
mrqc_set_rqcf - skip set RQCT_CFG_SEQ
mrqc_set_rqcf - skip set RQCT_CFG_SEQ
MSYS: DMEM request: [S1:VENCDMOUT]:0x00005600
MSYS: DMEM request: [S1:VENCDMP0]:0x00056400
MSYS: DMEM request: [S1:VENCDMP1]:0x00056400
MSYS: DMEM request: [VSPL-I0P3B0]:0x00016800
MSYS: DMEM request: [VSPL-I0P3B1]:0x00016800
MSYS: DMEM request: [VSPL-I0P3B2]:0x00016800
